# JRE version: OpenJDK Runtime Environment (8.0_152-b01) (build 1.8.0_152-release-1343-b01)
# Java VM: OpenJDK 64-Bit Server VM (25.152-b01 mixed mode windows-amd64 compressed oops)
Heap:
 PSYoungGen      total 18944K, used 3658K [0x00000000e0000000, 0x00000000e1500000, 0x0000000100000000)
  eden space 16384K, 10% used [0x00000000e0000000,0x00000000e01b2da8,0x00000000e1000000)
  from space 2560K, 74% used [0x00000000e1000000,0x00000000e11dfc58,0x00000000e1280000)
  to   space 2560K, 0% used [0x00000000e1280000,0x00000000e1280000,0x00000000e1500000)
 ParOldGen       total 31744K, used 5152K [0x00000000a0000000, 0x00000000a1f00000, 0x00000000e0000000)
  object space 31744K, 16% used [0x00000000a0000000,0x00000000a0508358,0x00000000a1f00000)
 Metaspace       used 14456K, capacity 14758K, committed 15104K, reserved 1062912K
  class space    used 2044K, capacity 2181K, committed 2304K, reserved 1048576K
GC Heap History (10 events):
Event: 2.381 GC heap before
{Heap before GC invocations=4 (full 0):
 PSYoungGen      total 18944K, used 18921K [0x00000000e0000000, 0x00000000e1500000, 0x0000000100000000)
  eden space 16384K, 100% used [0x00000000e0000000,0x00000000e1000000,0x00000000e1000000)
  from space 2560K, 99% used [0x00000000e1000000,0x00000000e127a450,0x00000000e1280000)
  to   space 2560K, 0% used [0x00000000e1280000,0x00000000e1280000,0x00000000e1500000)
 ParOldGen       total 44032K, used 672K [0x00000000a0000000, 0x00000000a2b00000, 0x00000000e0000000)
  object space 44032K, 1% used [0x00000000a0000000,0x00000000a00a80b8,0x00000000a2b00000)
 Metaspace       used 8860K, capacity 9108K, committed 9216K, reserved 1056768K
  class space    used 1153K, capacity 1226K, committed 1280K, reserved 1048576K
Event: 2.386 GC heap after
Heap after GC invocations=4 (full 0):
 PSYoungGen      total 18944K, used 2544K [0x00000000e0000000, 0x00000000e1500000, 0x0000000100000000)
  eden space 16384K, 0% used [0x00000000e0000000,0x00000000e0000000,0x00000000e1000000)
  from space 2560K, 99% used [0x00000000e1280000,0x00000000e14fc010,0x00000000e1500000)
  to   space 2560K, 0% used [0x00000000e1000000,0x00000000e1000000,0x00000000e1280000)
 ParOldGen       total 44032K, used 2006K [0x00000000a0000000, 0x00000000a2b00000, 0x00000000e0000000)
  object space 44032K, 4% used [0x00000000a0000000,0x00000000a01f5978,0x00000000a2b00000)
 Metaspace       used 8860K, capacity 9108K, committed 9216K, reserved 1056768K
  class space    used 1153K, capacity 1226K, committed 1280K, reserved 1048576K
}
Event: 3.994 GC heap before
{Heap before GC invocations=5 (full 0):
 PSYoungGen      total 18944K, used 18928K [0x00000000e0000000, 0x00000000e1500000, 0x0000000100000000)
  eden space 16384K, 100% used [0x00000000e0000000,0x00000000e1000000,0x00000000e1000000)
  from space 2560K, 99% used [0x00000000e1280000,0x00000000e14fc010,0x00000000e1500000)
  to   space 2560K, 0% used [0x00000000e1000000,0x00000000e1000000,0x00000000e1280000)
 ParOldGen       total 44032K, used 2006K [0x00000000a0000000, 0x00000000a2b00000, 0x00000000e0000000)
  object space 44032K, 4% used [0x00000000a0000000,0x00000000a01f5978,0x00000000a2b00000)
 Metaspace       used 12135K, capacity 12476K, committed 12544K, reserved 1060864K
  class space    used 1640K, capacity 1760K, committed 1792K, reserved 1048576K
Event: 4.002 GC heap after
Heap after GC invocations=5 (full 0):
 PSYoungGen      total 18944K, used 2528K [0x00000000e0000000, 0x00000000e1500000, 0x0000000100000000)
  eden space 16384K, 0% used [0x00000000e0000000,0x00000000e0000000,0x00000000e1000000)
  from space 2560K, 98% used [0x00000000e1000000,0x00000000e1278020,0x00000000e1280000)
  to   space 2560K, 0% used [0x00000000e1280000,0x00000000e1280000,0x00000000e1500000)
 ParOldGen       total 44032K, used 4409K [0x00000000a0000000, 0x00000000a2b00000, 0x00000000e0000000)
  object space 44032K, 10% used [0x00000000a0000000,0x00000000a044e588,0x00000000a2b00000)
 Metaspace       used 12135K, capacity 12476K, committed 12544K, reserved 1060864K
  class space    used 1640K, capacity 1760K, committed 1792K, reserved 1048576K
}
Event: 4.233 GC heap before
{Heap before GC invocations=6 (full 0):
 PSYoungGen      total 18944K, used 16857K [0x00000000e0000000, 0x00000000e1500000, 0x0000000100000000)
  eden space 16384K, 87% used [0x00000000e0000000,0x00000000e0dfe790,0x00000000e1000000)
  from space 2560K, 98% used [0x00000000e1000000,0x00000000e1278020,0x00000000e1280000)
  to   space 2560K, 0% used [0x00000000e1280000,0x00000000e1280000,0x00000000e1500000)
 ParOldGen       total 44032K, used 4409K [0x00000000a0000000, 0x00000000a2b00000, 0x00000000e0000000)
  object space 44032K, 10% used [0x00000000a0000000,0x00000000a044e588,0x00000000a2b00000)
 Metaspace       used 13163K, capacity 13444K, committed 13568K, reserved 1064960K
  class space    used 1814K, capacity 1956K, committed 2048K, reserved 1048576K
Event: 4.238 GC heap after
Heap after GC invocations=6 (full 0):
 PSYoungGen      total 18944K, used 2544K [0x00000000e0000000, 0x00000000e1500000, 0x0000000100000000)
  eden space 16384K, 0% used [0x00000000e0000000,0x00000000e0000000,0x00000000e1000000)
  from space 2560K, 99% used [0x00000000e1280000,0x00000000e14fc010,0x00000000e1500000)
  to   space 2560K, 0% used [0x00000000e1000000,0x00000000e1000000,0x00000000e1280000)
 ParOldGen       total 44032K, used 5741K [0x00000000a0000000, 0x00000000a2b00000, 0x00000000e0000000)
  object space 44032K, 13% used [0x00000000a0000000,0x00000000a059b7f8,0x00000000a2b00000)
 Metaspace       used 13163K, capacity 13444K, committed 13568K, reserved 1064960K
  class space    used 1814K, capacity 1956K, committed 2048K, reserved 1048576K
}
Event: 4.238 GC heap before
{Heap before GC invocations=7 (full 1):
 PSYoungGen      total 18944K, used 2544K [0x00000000e0000000, 0x00000000e1500000, 0x0000000100000000)
  eden space 16384K, 0% used [0x00000000e0000000,0x00000000e0000000,0x00000000e1000000)
  from space 2560K, 99% used [0x00000000e1280000,0x00000000e14fc010,0x00000000e1500000)
  to   space 2560K, 0% used [0x00000000e1000000,0x00000000e1000000,0x00000000e1280000)
 ParOldGen       total 44032K, used 5741K [0x00000000a0000000, 0x00000000a2b00000, 0x00000000e0000000)
  object space 44032K, 13% used [0x00000000a0000000,0x00000000a059b7f8,0x00000000a2b00000)
 Metaspace       used 13163K, capacity 13444K, committed 13568K, reserved 1064960K
  class space    used 1814K, capacity 1956K, committed 2048K, reserved 1048576K
Event: 4.282 GC heap after
Heap after GC invocations=7 (full 1):
 PSYoungGen      total 18944K, used 0K [0x00000000e0000000, 0x00000000e1500000, 0x0000000100000000)
  eden space 16384K, 0% used [0x00000000e0000000,0x00000000e0000000,0x00000000e1000000)
  from space 2560K, 0% used [0x00000000e1280000,0x00000000e1280000,0x00000000e1500000)
  to   space 2560K, 0% used [0x00000000e1000000,0x00000000e1000000,0x00000000e1280000)
 ParOldGen       total 31744K, used 5144K [0x00000000a0000000, 0x00000000a1f00000, 0x00000000e0000000)
  object space 31744K, 16% used [0x00000000a0000000,0x00000000a0506358,0x00000000a1f00000)
 Metaspace       used 13163K, capacity 13444K, committed 13568K, reserved 1062912K
  class space    used 1814K, capacity 1956K, committed 2048K, reserved 1048576K
}
Event: 4.564 GC heap before
{Heap before GC invocations=8 (full 1):
 PSYoungGen      total 18944K, used 16384K [0x00000000e0000000, 0x00000000e1500000, 0x0000000100000000)
  eden space 16384K, 100% used [0x00000000e0000000,0x00000000e1000000,0x00000000e1000000)
  from space 2560K, 0% used [0x00000000e1280000,0x00000000e1280000,0x00000000e1500000)
  to   space 2560K, 0% used [0x00000000e1000000,0x00000000e1000000,0x00000000e1280000)
 ParOldGen       total 31744K, used 5144K [0x00000000a0000000, 0x00000000a1f00000, 0x00000000e0000000)
  object space 31744K, 16% used [0x00000000a0000000,0x00000000a0506358,0x00000000a1f00000)
 Metaspace       used 14419K, capacity 14726K, committed 14976K, reserved 1062912K
  class space    used 2033K, capacity 2149K, committed 2176K, reserved 1048576K
Event: 4.568 GC heap after
Heap after GC invocations=8 (full 1):
 PSYoungGen      total 18944K, used 1919K [0x00000000e0000000, 0x00000000e1500000, 0x0000000100000000)
  eden space 16384K, 0% used [0x00000000e0000000,0x00000000e0000000,0x00000000e1000000)
  from space 2560K, 74% used [0x00000000e1000000,0x00000000e11dfc58,0x00000000e1280000)
  to   space 2560K, 0% used [0x00000000e1280000,0x00000000e1280000,0x00000000e1500000)
 ParOldGen       total 31744K, used 5152K [0x00000000a0000000, 0x00000000a1f00000, 0x00000000e0000000)
  object space 31744K, 16% used [0x00000000a0000000,0x00000000a0508358,0x00000000a1f00000)
 Metaspace       used 14419K, capacity 14726K, committed 14976K, reserved 1062912K
  class space    used 2033K, capacity 2149K, committed 2176K, reserved 1048576K
}

